<?xml version="1.0" encoding="UTF-8"?>
<!-- Generated by org.testng.reporters.JUnitXMLReporter -->
<testsuite ignored="0" hostname="Admin" failures="0" tests="1" name="Test" time="80.447" errors="0" timestamp="16 Jun 2018 13:49:14 GMT">
  <testcase classname="example.NewTest" name="@BeforeTest beforeTest" time="80.19">
    <failure type="org.openqa.selenium.WebDriverException" message="Failed to connect to binary FirefoxBinary(C:\Program Files\Mozilla Firefox\firefox.exe) on port 7055; process output follows: 
down blocker for LightweightThemeManager
1529156909480	addons.manager	DEBUG	Provider finished startup: LightweightThemeManager
1529156909481	addons.manager	DEBUG	Starting provider: GMPProvider
1529156909497	addons.manager	DEBUG	Registering shutdown blocker for GMPProvider
1529156909498	addons.manager	DEBUG	Provider finished startup: GMPProvider
1529156909498	addons.manager	DEBUG	Starting provider: PluginProvider
1529156909498	addons.manager	DEBUG	Registering shutdown blocker for PluginProvider
1529156909498	addons.manager	DEBUG	Provider finished startup: PluginProvider
1529156909500	addons.manager	DEBUG	Completed startup sequence
1529156909773	addons.manager	DEBUG	Starting provider: PreviousExperimentProvider
1529156909773	addons.manager	DEBUG	Registering shutdown blocker for PreviousExperimentProvider
1529156909773	addons.manager	DEBUG	Provider finished startup: PreviousExperimentProvider
1529156915146	addons.xpi-utils	DEBUG	Starting async load of XPI database C:\Users\Hai\AppData\Local\Temp\anonymous3636524918628768983webdriver-profile\extensions.json
1529156915379	addons.xpi	INFO	Mapping fxdriver@googlecode.com to C:\Users\Hai\AppData\Local\Temp\anonymous3636524918628768983webdriver-profile\extensions\fxdriver@googlecode.com
1529156915380	addons.xpi	DEBUG	Ignoring file entry whose name is not a valid add-on ID: C:\Users\Hai\AppData\Local\Temp\anonymous3636524918628768983webdriver-profile\extensions\webdriver-staging
1529156915380	addons.xpi	DEBUG	Existing add-on fxdriver@googlecode.com in app-profile
1529156915381	addons.xpi	INFO	Mapping activity-stream@mozilla.org to C:\Program Files\Mozilla Firefox\browser\features\activity-stream@mozilla.org.xpi
1529156915381	addons.xpi	INFO	Mapping aushelper@mozilla.org to C:\Program Files\Mozilla Firefox\browser\features\aushelper@mozilla.org.xpi
1529156915381	addons.xpi	INFO	Mapping firefox@getpocket.com to C:\Program Files\Mozilla Firefox\browser\features\firefox@getpocket.com.xpi
1529156915381	addons.xpi	INFO	Mapping followonsearch@mozilla.com to C:\Program Files\Mozilla Firefox\browser\features\followonsearch@mozilla.com.xpi
1529156915381	addons.xpi	INFO	Mapping formautofill@mozilla.org to C:\Program Files\Mozilla Firefox\browser\features\formautofill@mozilla.org.xpi
1529156915381	addons.xpi	INFO	Mapping onboarding@mozilla.org to C:\Program Files\Mozilla Firefox\browser\features\onboarding@mozilla.org.xpi
1529156915381	addons.xpi	INFO	Mapping screenshots@mozilla.org to C:\Program Files\Mozilla Firefox\browser\features\screenshots@mozilla.org.xpi
1529156915381	addons.xpi	INFO	Mapping webcompat@mozilla.org to C:\Program Files\Mozilla Firefox\browser\features\webcompat@mozilla.org.xpi
1529156915382	addons.xpi	DEBUG	Existing add-on activity-stream@mozilla.org in app-system-defaults
1529156915382	addons.xpi	DEBUG	Existing add-on aushelper@mozilla.org in app-system-defaults
1529156915383	addons.xpi	DEBUG	Existing add-on firefox@getpocket.com in app-system-defaults
1529156915383	addons.xpi	DEBUG	Existing add-on followonsearch@mozilla.com in app-system-defaults
1529156915383	addons.xpi	DEBUG	Existing add-on formautofill@mozilla.org in app-system-defaults
1529156915384	addons.xpi	DEBUG	Existing add-on onboarding@mozilla.org in app-system-defaults
1529156915384	addons.xpi	DEBUG	Existing add-on screenshots@mozilla.org in app-system-defaults
1529156915385	addons.xpi	DEBUG	Existing add-on webcompat@mozilla.org in app-system-defaults
1529156915385	addons.xpi	INFO	Mapping {972ce4c6-7e08-4474-a285-3208198ce6fd} to C:\Program Files\Mozilla Firefox\browser\extensions\{972ce4c6-7e08-4474-a285-3208198ce6fd}.xpi
1529156915386	addons.xpi	DEBUG	Existing add-on {972ce4c6-7e08-4474-a285-3208198ce6fd} in app-global
1529156915386	addons.xpi	DEBUG	getInstallState changed: false, state: {}
1529156916497	addons.xpi-utils	DEBUG	Async JSON file read took 0 MS
1529156916497	addons.xpi-utils	DEBUG	Finished async read of XPI database, parsing...
1529156916503	addons.xpi-utils	DEBUG	Successfully read XPI database
*** Blocklist::_preloadBlocklistFile: blocklist is disabled

Build info: version: &amp;apos;2.45.0&amp;apos;, revision: &amp;apos;5017cb8e7ca8e37638dc3091b2440b90a1d8686f&amp;apos;, time: &amp;apos;2015-02-27 09:10:26&amp;apos;
System info: host: &amp;apos;Admin&amp;apos;, ip: &amp;apos;192.168.43.83&amp;apos;, os.name: &amp;apos;Windows 8.1&amp;apos;, os.arch: &amp;apos;amd64&amp;apos;, os.version: &amp;apos;6.3&amp;apos;, java.version: &amp;apos;10&amp;apos;
Driver info: driver.version: FirefoxDriver">
      <![CDATA[org.openqa.selenium.WebDriverException: Failed to connect to binary FirefoxBinary(C:\Program Files\Mozilla Firefox\firefox.exe) on port 7055; process output follows: 
down blocker for LightweightThemeManager
1529156909480addons.managerDEBUGProvider finished startup: LightweightThemeManager
1529156909481addons.managerDEBUGStarting provider: GMPProvider
1529156909497addons.managerDEBUGRegistering shutdown blocker for GMPProvider
1529156909498addons.managerDEBUGProvider finished startup: GMPProvider
1529156909498addons.managerDEBUGStarting provider: PluginProvider
1529156909498addons.managerDEBUGRegistering shutdown blocker for PluginProvider
1529156909498addons.managerDEBUGProvider finished startup: PluginProvider
1529156909500addons.managerDEBUGCompleted startup sequence
1529156909773addons.managerDEBUGStarting provider: PreviousExperimentProvider
1529156909773addons.managerDEBUGRegistering shutdown blocker for PreviousExperimentProvider
1529156909773addons.managerDEBUGProvider finished startup: PreviousExperimentProvider
1529156915146addons.xpi-utilsDEBUGStarting async load of XPI database C:\Users\Hai\AppData\Local\Temp\anonymous3636524918628768983webdriver-profile\extensions.json
1529156915379addons.xpiINFOMapping fxdriver@googlecode.com to C:\Users\Hai\AppData\Local\Temp\anonymous3636524918628768983webdriver-profile\extensions\fxdriver@googlecode.com
1529156915380addons.xpiDEBUGIgnoring file entry whose name is not a valid add-on ID: C:\Users\Hai\AppData\Local\Temp\anonymous3636524918628768983webdriver-profile\extensions\webdriver-staging
1529156915380addons.xpiDEBUGExisting add-on fxdriver@googlecode.com in app-profile
1529156915381addons.xpiINFOMapping activity-stream@mozilla.org to C:\Program Files\Mozilla Firefox\browser\features\activity-stream@mozilla.org.xpi
1529156915381addons.xpiINFOMapping aushelper@mozilla.org to C:\Program Files\Mozilla Firefox\browser\features\aushelper@mozilla.org.xpi
1529156915381addons.xpiINFOMapping firefox@getpocket.com to C:\Program Files\Mozilla Firefox\browser\features\firefox@getpocket.com.xpi
1529156915381addons.xpiINFOMapping followonsearch@mozilla.com to C:\Program Files\Mozilla Firefox\browser\features\followonsearch@mozilla.com.xpi
1529156915381addons.xpiINFOMapping formautofill@mozilla.org to C:\Program Files\Mozilla Firefox\browser\features\formautofill@mozilla.org.xpi
1529156915381addons.xpiINFOMapping onboarding@mozilla.org to C:\Program Files\Mozilla Firefox\browser\features\onboarding@mozilla.org.xpi
1529156915381addons.xpiINFOMapping screenshots@mozilla.org to C:\Program Files\Mozilla Firefox\browser\features\screenshots@mozilla.org.xpi
1529156915381addons.xpiINFOMapping webcompat@mozilla.org to C:\Program Files\Mozilla Firefox\browser\features\webcompat@mozilla.org.xpi
1529156915382addons.xpiDEBUGExisting add-on activity-stream@mozilla.org in app-system-defaults
1529156915382addons.xpiDEBUGExisting add-on aushelper@mozilla.org in app-system-defaults
1529156915383addons.xpiDEBUGExisting add-on firefox@getpocket.com in app-system-defaults
1529156915383addons.xpiDEBUGExisting add-on followonsearch@mozilla.com in app-system-defaults
1529156915383addons.xpiDEBUGExisting add-on formautofill@mozilla.org in app-system-defaults
1529156915384addons.xpiDEBUGExisting add-on onboarding@mozilla.org in app-system-defaults
1529156915384addons.xpiDEBUGExisting add-on screenshots@mozilla.org in app-system-defaults
1529156915385addons.xpiDEBUGExisting add-on webcompat@mozilla.org in app-system-defaults
1529156915385addons.xpiINFOMapping {972ce4c6-7e08-4474-a285-3208198ce6fd} to C:\Program Files\Mozilla Firefox\browser\extensions\{972ce4c6-7e08-4474-a285-3208198ce6fd}.xpi
1529156915386addons.xpiDEBUGExisting add-on {972ce4c6-7e08-4474-a285-3208198ce6fd} in app-global
1529156915386addons.xpiDEBUGgetInstallState changed: false, state: {}
1529156916497addons.xpi-utilsDEBUGAsync JSON file read took 0 MS
1529156916497addons.xpi-utilsDEBUGFinished async read of XPI database, parsing...
1529156916503addons.xpi-utilsDEBUGSuccessfully read XPI database
*** Blocklist::_preloadBlocklistFile: blocklist is disabled

Build info: version: '2.45.0', revision: '5017cb8e7ca8e37638dc3091b2440b90a1d8686f', time: '2015-02-27 09:10:26'
System info: host: 'Admin', ip: '192.168.43.83', os.name: 'Windows 8.1', os.arch: 'amd64', os.version: '6.3', java.version: '10'
Driver info: driver.version: FirefoxDriver
at org.openqa.selenium.firefox.internal.NewProfileExtensionConnection.start(NewProfileExtensionConnection.java:130)
at org.openqa.selenium.firefox.FirefoxDriver.startClient(FirefoxDriver.java:246)
at org.openqa.selenium.remote.RemoteWebDriver.<init>(RemoteWebDriver.java:114)
at org.openqa.selenium.firefox.FirefoxDriver.<init>(FirefoxDriver.java:191)
at org.openqa.selenium.firefox.FirefoxDriver.<init>(FirefoxDriver.java:186)
at org.openqa.selenium.firefox.FirefoxDriver.<init>(FirefoxDriver.java:182)
at org.openqa.selenium.firefox.FirefoxDriver.<init>(FirefoxDriver.java:95)
at example.NewTest.beforeTest(NewTest.java:19)
Caused by: org.openqa.selenium.firefox.NotConnectedException: Unable to connect to host 127.0.0.1 on port 7055 after 45000 ms. Firefox console output:
down blocker for LightweightThemeManager
1529156909480addons.managerDEBUGProvider finished startup: LightweightThemeManager
1529156909481addons.managerDEBUGStarting provider: GMPProvider
1529156909497addons.managerDEBUGRegistering shutdown blocker for GMPProvider
1529156909498addons.managerDEBUGProvider finished startup: GMPProvider
1529156909498addons.managerDEBUGStarting provider: PluginProvider
1529156909498addons.managerDEBUGRegistering shutdown blocker for PluginProvider
1529156909498addons.managerDEBUGProvider finished startup: PluginProvider
1529156909500addons.managerDEBUGCompleted startup sequence
1529156909773addons.managerDEBUGStarting provider: PreviousExperimentProvider
1529156909773addons.managerDEBUGRegistering shutdown blocker for PreviousExperimentProvider
1529156909773addons.managerDEBUGProvider finished startup: PreviousExperimentProvider
1529156915146addons.xpi-utilsDEBUGStarting async load of XPI database C:\Users\Hai\AppData\Local\Temp\anonymous3636524918628768983webdriver-profile\extensions.json
1529156915379addons.xpiINFOMapping fxdriver@googlecode.com to C:\Users\Hai\AppData\Local\Temp\anonymous3636524918628768983webdriver-profile\extensions\fxdriver@googlecode.com
1529156915380addons.xpiDEBUGIgnoring file entry whose name is not a valid add-on ID: C:\Users\Hai\AppData\Local\Temp\anonymous3636524918628768983webdriver-profile\extensions\webdriver-staging
1529156915380addons.xpiDEBUGExisting add-on fxdriver@googlecode.com in app-profile
1529156915381addons.xpiINFOMapping activity-stream@mozilla.org to C:\Program Files\Mozilla Firefox\browser\features\activity-stream@mozilla.org.xpi
1529156915381addons.xpiINFOMapping aushelper@mozilla.org to C:\Program Files\Mozilla Firefox\browser\features\aushelper@mozilla.org.xpi
1529156915381addons.xpiINFOMapping firefox@getpocket.com to C:\Program Files\Mozilla Firefox\browser\features\firefox@getpocket.com.xpi
1529156915381addons.xpiINFOMapping followonsearch@mozilla.com to C:\Program Files\Mozilla Firefox\browser\features\followonsearch@mozilla.com.xpi
1529156915381addons.xpiINFOMapping formautofill@mozilla.org to C:\Program Files\Mozilla Firefox\browser\features\formautofill@mozilla.org.xpi
1529156915381addons.xpiINFOMapping onboarding@mozilla.org to C:\Program Files\Mozilla Firefox\browser\features\onboarding@mozilla.org.xpi
1529156915381addons.xpiINFOMapping screenshots@mozilla.org to C:\Program Files\Mozilla Firefox\browser\features\screenshots@mozilla.org.xpi
1529156915381addons.xpiINFOMapping webcompat@mozilla.org to C:\Program Files\Mozilla Firefox\browser\features\webcompat@mozilla.org.xpi
1529156915382addons.xpiDEBUGExisting add-on activity-stream@mozilla.org in app-system-defaults
1529156915382addons.xpiDEBUGExisting add-on aushelper@mozilla.org in app-system-defaults
1529156915383addons.xpiDEBUGExisting add-on firefox@getpocket.com in app-system-defaults
1529156915383addons.xpiDEBUGExisting add-on followonsearch@mozilla.com in app-system-defaults
1529156915383addons.xpiDEBUGExisting add-on formautofill@mozilla.org in app-system-defaults
1529156915384addons.xpiDEBUGExisting add-on onboarding@mozilla.org in app-system-defaults
1529156915384addons.xpiDEBUGExisting add-on screenshots@mozilla.org in app-system-defaults
1529156915385addons.xpiDEBUGExisting add-on webcompat@mozilla.org in app-system-defaults
1529156915385addons.xpiINFOMapping {972ce4c6-7e08-4474-a285-3208198ce6fd} to C:\Program Files\Mozilla Firefox\browser\extensions\{972ce4c6-7e08-4474-a285-3208198ce6fd}.xpi
1529156915386addons.xpiDEBUGExisting add-on {972ce4c6-7e08-4474-a285-3208198ce6fd} in app-global
1529156915386addons.xpiDEBUGgetInstallState changed: false, state: {}
1529156916497addons.xpi-utilsDEBUGAsync JSON file read took 0 MS
1529156916497addons.xpi-utilsDEBUGFinished async read of XPI database, parsing...
1529156916503addons.xpi-utilsDEBUGSuccessfully read XPI database
*** Blocklist::_preloadBlocklistFile: blocklist is disabled

at org.openqa.selenium.firefox.internal.NewProfileExtensionConnection.start(NewProfileExtensionConnection.java:118)
... 31 more
... Removed 24 stack frames]]>
    </failure>
  </testcase> <!-- @BeforeTest beforeTest -->
  <testcase classname="example.NewTest" name="@AfterTest afterTest" time="0.0">
    <skipped/>
  </testcase> <!-- @AfterTest afterTest -->
  <testcase classname="example.NewTest" name="testEasy" time="0.0">
    <skipped/>
  </testcase> <!-- testEasy -->
</testsuite> <!-- Test -->
